IQ-TREE multicore version 1.6.12 for Linux 64-bit built Mar 23 2020
Developed by Bui Quang Minh, Nguyen Lam Tung, Olga Chernomor,
Heiko Schmidt, Dominik Schrempf, Michael Woodhams.

Host:    bionfolinux1 (AVX512, FMA3, 187 GB RAM)
Command: iqtree -s YFV-VaccinexCONS-alignments_25072023.fasta -m GTR+R4+F -bb 1000
Seed:    874737 (Using SPRNG - Scalable Parallel Random Number Generator)
Time:    Mon Sep  4 13:48:13 2023
Kernel:  AVX+FMA - 1 threads (32 CPU cores detected)

HINT: Use -nt option to specify number of threads because your CPU has 32 cores!
HINT: -nt AUTO will automatically determine the best number of threads to use.

Reading alignment file YFV-VaccinexCONS-alignments_25072023.fasta ... Fasta format detected
Alignment most likely contains DNA/RNA sequences
Alignment has 37 sequences with 10235 columns, 91 distinct patterns
57 parsimony-informative, 46 singleton sites, 10132 constant sites
WARNING: Some sequence names are changed as follows:
MN708488|FRA|2019-2-7|STAMARIL -> MN708488_FRA_2019-2-7_STAMARIL
MN708497|BEL|2019-2-7|STAMARIL -> MN708497_BEL_2019-2-7_STAMARIL
OP796361|RUS|UNK|17DD -> OP796361_RUS_UNK_17DD
MN708496|BEL|2019-2-7|STAMARIL -> MN708496_BEL_2019-2-7_STAMARIL
MN708495|BEL|2019-2-7|STAMARIL -> MN708495_BEL_2019-2-7_STAMARIL
MN708494|BEL|2019-2-7|STAMARIL -> MN708494_BEL_2019-2-7_STAMARIL
MN708493|BEL|2019-2-7|STAMARIL -> MN708493_BEL_2019-2-7_STAMARIL
MN708491|BEL|2019-2-7|STAMARIL -> MN708491_BEL_2019-2-7_STAMARIL
MN708490|BEL|2019-2-7|STAMARIL -> MN708490_BEL_2019-2-7_STAMARIL
MN708489|BEL|2019-2-7|STAMARIL -> MN708489_BEL_2019-2-7_STAMARIL
MG051217|UNK|UNK|Stamaril -> MG051217_UNK_UNK_Stamaril
GQ379162|PER|2007-10|17DD|AE -> GQ379162_PER_2007-10_17DD_AE
MT840700|UNK|UNK|UNK -> MT840700_UNK_UNK_UNK
OK573009|USA|UNK|UNK -> OK573009_USA_UNK_UNK
MN737509|BRA|2019-11-21|17DD -> MN737509_BRA_2019-11-21_17DD
MW158363|USA|1966|17DD|AE -> MW158363_USA_1966_17DD_AE
MW158362|ECU|1997-7|17DD|AE -> MW158362_ECU_1997-7_17DD_AE
MW158360|PER|2011-3|17DD|AE -> MW158360_PER_2011-3_17DD_AE
MW158358|PER|2004|17DD|AE -> MW158358_PER_2004_17DD_AE
MW249080|FRA|2019-2-7|STAMARIL -> MW249080_FRA_2019-2-7_STAMARIL
MW249076|FRA|2019-2-7|STAMARIL -> MW249076_FRA_2019-2-7_STAMARIL
MW249075|FRA|2019-2-7|STAMARIL -> MW249075_FRA_2019-2-7_STAMARIL
MN106241|UNK|UNK|STAMARIL -> MN106241_UNK_UNK_STAMARIL
JX949181|USA|2012-7-3|UNK -> JX949181_USA_2012-7-3_UNK
KF769015|UNK|UNK|YF_VAX -> KF769015_UNK_UNK_YF_VAX
JX503529|UNK|UNK|YF_VAX -> JX503529_UNK_UNK_YF_VAX
AF052446|UNK|UNK|17D-204-SA -> AF052446_UNK_UNK_17D-204-SA
AF052445|UNK|UNK|17D-204-SA -> AF052445_UNK_UNK_17D-204-SA
AF052444|UNK|UNK|17D-204-SA -> AF052444_UNK_UNK_17D-204-SA
AF052439|UNK|UNK|YF_VAX -> AF052439_UNK_UNK_YF_VAX
AF052438|UNK|UNK|YF_VAX -> AF052438_UNK_UNK_YF_VAX
AF052437|UNK|UNK|YF_VAX -> AF052437_UNK_UNK_YF_VAX
DQ100292|BRA|UNK|17DD -> DQ100292_BRA_UNK_17DD
DQ118157|ESP|2004|STAMARIL|AE -> DQ118157_ESP_2004_STAMARIL_AE
X15062|UNK|UNK|UNK -> X15062_UNK_UNK_UNK
FJ654700|CHN|UNK|17D-TIANTAN -> FJ654700_CHN_UNK_17D-TIANTAN

                                                      Gap/Ambiguity  Composition  p-value
   1  MN708488_FRA_2019-2-7_STAMARIL                          0.01%    passed    100.00%
   2  Consensus_YFV_64148_consensus_threshold_0_quality_20   38.09%    passed     45.39%
   3  MN708497_BEL_2019-2-7_STAMARIL                          0.00%    passed    100.00%
   4  OP796361_RUS_UNK_17DD                                   0.00%    passed     99.81%
   5  MN708496_BEL_2019-2-7_STAMARIL                          0.00%    passed    100.00%
   6  MN708495_BEL_2019-2-7_STAMARIL                          0.00%    passed    100.00%
   7  MN708494_BEL_2019-2-7_STAMARIL                          0.00%    passed    100.00%
   8  MN708493_BEL_2019-2-7_STAMARIL                          0.00%    passed    100.00%
   9  MN708491_BEL_2019-2-7_STAMARIL                          0.00%    passed    100.00%
  10  MN708490_BEL_2019-2-7_STAMARIL                          0.00%    passed    100.00%
  11  MN708489_BEL_2019-2-7_STAMARIL                          0.01%    passed     99.99%
  12  MG051217_UNK_UNK_Stamaril                               0.00%    passed    100.00%
  13  GQ379162_PER_2007-10_17DD_AE                            0.02%    passed     99.99%
  14  MT840700_UNK_UNK_UNK                                    0.00%    passed    100.00%
  15  OK573009_USA_UNK_UNK                                    0.00%    passed    100.00%
  16  MN737509_BRA_2019-11-21_17DD                            0.02%    passed     99.99%
  17  MW158363_USA_1966_17DD_AE                               0.00%    passed     99.99%
  18  MW158362_ECU_1997-7_17DD_AE                             0.00%    passed     99.94%
  19  MW158360_PER_2011-3_17DD_AE                             0.00%    passed    100.00%
  20  MW158358_PER_2004_17DD_AE                               0.00%    passed    100.00%
  21  MW249080_FRA_2019-2-7_STAMARIL                          0.00%    passed    100.00%
  22  MW249076_FRA_2019-2-7_STAMARIL                          0.00%    passed    100.00%
  23  MW249075_FRA_2019-2-7_STAMARIL                          0.00%    passed    100.00%
  24  MN106241_UNK_UNK_STAMARIL                               0.00%    passed    100.00%
  25  JX949181_USA_2012-7-3_UNK                               0.00%    passed    100.00%
  26  KF769015_UNK_UNK_YF_VAX                                 0.00%    passed    100.00%
  27  JX503529_UNK_UNK_YF_VAX                                 0.00%    passed    100.00%
  28  AF052446_UNK_UNK_17D-204-SA                             0.00%    passed    100.00%
  29  AF052445_UNK_UNK_17D-204-SA                             0.00%    passed    100.00%
  30  AF052444_UNK_UNK_17D-204-SA                             0.00%    passed    100.00%
  31  AF052439_UNK_UNK_YF_VAX                                 0.00%    passed     99.99%
  32  AF052438_UNK_UNK_YF_VAX                                 0.00%    passed     99.99%
  33  AF052437_UNK_UNK_YF_VAX                                 0.00%    passed     99.99%
  34  DQ100292_BRA_UNK_17DD                                   0.00%    passed     99.90%
  35  DQ118157_ESP_2004_STAMARIL_AE                           0.00%    passed    100.00%
  36  X15062_UNK_UNK_UNK                                      0.00%    passed     99.99%
  37  FJ654700_CHN_UNK_17D-TIANTAN                            0.00%    passed     99.98%
****  TOTAL                                                   1.03%  0 sequences failed composition chi2 test (p-value<5%; df=3)
NOTE: MG051217_UNK_UNK_Stamaril is identical to MN708494_BEL_2019-2-7_STAMARIL but kept for subsequent analysis
NOTE: OK573009_USA_UNK_UNK is identical to MN708490_BEL_2019-2-7_STAMARIL but kept for subsequent analysis
NOTE: MN737509_BRA_2019-11-21_17DD is identical to GQ379162_PER_2007-10_17DD_AE but kept for subsequent analysis
NOTE: JX503529_UNK_UNK_YF_VAX is identical to KF769015_UNK_UNK_YF_VAX but kept for subsequent analysis
NOTE: 3 identical sequences (see below) will be ignored for subsequent analysis
NOTE: MW249076_FRA_2019-2-7_STAMARIL (identical to MN708494_BEL_2019-2-7_STAMARIL) is ignored but added at the end
NOTE: MW249075_FRA_2019-2-7_STAMARIL (identical to MN708490_BEL_2019-2-7_STAMARIL) is ignored but added at the end
NOTE: MN106241_UNK_UNK_STAMARIL (identical to MN708490_BEL_2019-2-7_STAMARIL) is ignored but added at the end

For your convenience alignment with unique sequences printed to YFV-VaccinexCONS-alignments_25072023.fasta.uniqueseq.phy

Create initial parsimony tree by phylogenetic likelihood library (PLL)... 0.002 seconds
Generating 1000 samples for ultrafast bootstrap (seed: 874737)...

NOTE: 0 MB RAM (0 GB) is required!
Estimate model parameters (epsilon = 0.100)
1. Initial log-likelihood: -15255.160
2. Current log-likelihood: -15138.553
3. Current log-likelihood: -15138.077
4. Current log-likelihood: -15137.625
5. Current log-likelihood: -15137.223
6. Current log-likelihood: -15136.847
7. Current log-likelihood: -15136.534
8. Current log-likelihood: -15136.415
Optimal log-likelihood: -15136.339
Rate parameters:  A-C: 3.02057  A-G: 10.99534  A-T: 1.02744  C-G: 0.34669  C-T: 27.11869  G-T: 1.00000
Base frequencies:  A: 0.270  C: 0.211  G: 0.286  T: 0.233
Site proportion and rates:  (0.260,0.104) (0.254,0.361) (0.252,0.500) (0.234,3.225)
Parameters optimization took 8 rounds (0.238 sec)
Computing ML distances based on estimated model parameters... 0.003 sec
Computing BIONJ tree...
0.001 seconds
Log-likelihood of BIONJ tree: -15134.255
--------------------------------------------------------------------
|             INITIALIZING CANDIDATE TREE SET                      |
--------------------------------------------------------------------
Generating 98 parsimony trees... 0.136 second
Computing log-likelihood of 98 initial trees ... 0.306 seconds
Current best score: -15131.096

Do NNI search on 20 best initial trees
Estimate model parameters (epsilon = 0.100)
BETTER TREE FOUND at iteration 1: -15129.078
Estimate model parameters (epsilon = 0.100)
BETTER TREE FOUND at iteration 2: -15113.931
Estimate model parameters (epsilon = 0.100)
BETTER TREE FOUND at iteration 3: -15113.710
Estimate model parameters (epsilon = 0.100)
BETTER TREE FOUND at iteration 6: -15113.625
BETTER TREE FOUND at iteration 7: -15113.623
BETTER TREE FOUND at iteration 9: -15113.623
Iteration 10 / LogL: -15113.636 / Time: 0h:0m:2s
Iteration 20 / LogL: -15115.126 / Time: 0h:0m:2s
Finish initializing candidate tree set (20)
Current best tree score: -15113.623 / CPU time: 2.483
Number of iterations: 20
--------------------------------------------------------------------
|               OPTIMIZING CANDIDATE TREE SET                      |
--------------------------------------------------------------------
Estimate model parameters (epsilon = 0.100)
BETTER TREE FOUND at iteration 24: -15113.551
BETTER TREE FOUND at iteration 25: -15113.550
BETTER TREE FOUND at iteration 26: -15113.550
BETTER TREE FOUND at iteration 27: -15113.548
Estimate model parameters (epsilon = 0.100)
BETTER TREE FOUND at iteration 28: -15113.479
Iteration 30 / LogL: -15138.286 / Time: 0h:0m:3s (0h:0m:10s left)
UPDATE BEST LOG-LIKELIHOOD: -15113.477
BETTER TREE FOUND at iteration 40: -15113.474
Iteration 40 / LogL: -15113.474 / Time: 0h:0m:3s (0h:0m:8s left)
BETTER TREE FOUND at iteration 48: -15113.474
Iteration 50 / LogL: -15113.480 / Time: 0h:0m:3s (0h:0m:7s left)
Log-likelihood cutoff on original alignment: -15138.956
BETTER TREE FOUND at iteration 53: -15113.473
Iteration 60 / LogL: -15113.498 / Time: 0h:0m:4s (0h:0m:6s left)
BETTER TREE FOUND at iteration 61: -15113.470
Iteration 70 / LogL: -15113.478 / Time: 0h:0m:4s (0h:0m:6s left)
Iteration 80 / LogL: -15113.470 / Time: 0h:0m:5s (0h:0m:5s left)
BETTER TREE FOUND at iteration 81: -15113.468
Iteration 90 / LogL: -15113.472 / Time: 0h:0m:5s (0h:0m:5s left)
BETTER TREE FOUND at iteration 93: -15113.463
Iteration 100 / LogL: -15113.469 / Time: 0h:0m:6s (0h:0m:5s left)
Log-likelihood cutoff on original alignment: -15139.822
NOTE: Bootstrap correlation coefficient of split occurrence frequencies: 0.985
NOTE: UFBoot does not converge, continue at least 100 more iterations
Iteration 110 / LogL: -15113.470 / Time: 0h:0m:6s (0h:0m:5s left)
Iteration 120 / LogL: -15113.474 / Time: 0h:0m:7s (0h:0m:4s left)
Iteration 130 / LogL: -15113.472 / Time: 0h:0m:7s (0h:0m:4s left)
BETTER TREE FOUND at iteration 132: -15113.460
Iteration 140 / LogL: -15113.472 / Time: 0h:0m:7s (0h:0m:5s left)
BETTER TREE FOUND at iteration 141: -15113.459
Iteration 150 / LogL: -15251.161 / Time: 0h:0m:8s (0h:0m:4s left)
Log-likelihood cutoff on original alignment: -15140.069
Iteration 160 / LogL: -15113.473 / Time: 0h:0m:8s (0h:0m:4s left)
BETTER TREE FOUND at iteration 163: -15113.451
Iteration 170 / LogL: -15125.849 / Time: 0h:0m:8s (0h:0m:4s left)
Iteration 180 / LogL: -15113.466 / Time: 0h:0m:9s (0h:0m:4s left)
BETTER TREE FOUND at iteration 187: -15113.448
Iteration 190 / LogL: -15113.455 / Time: 0h:0m:9s (0h:0m:4s left)
BETTER TREE FOUND at iteration 196: -15113.440
Iteration 200 / LogL: -15113.465 / Time: 0h:0m:9s (0h:0m:4s left)
Log-likelihood cutoff on original alignment: -15140.069
NOTE: Bootstrap correlation coefficient of split occurrence frequencies: 0.988
NOTE: UFBoot does not converge, continue at least 100 more iterations
Iteration 210 / LogL: -15115.675 / Time: 0h:0m:10s (0h:0m:4s left)
Iteration 220 / LogL: -15115.684 / Time: 0h:0m:10s (0h:0m:3s left)
Iteration 230 / LogL: -15113.444 / Time: 0h:0m:11s (0h:0m:3s left)
Iteration 240 / LogL: -15113.457 / Time: 0h:0m:11s (0h:0m:2s left)
Iteration 250 / LogL: -15113.458 / Time: 0h:0m:11s (0h:0m:2s left)
Log-likelihood cutoff on original alignment: -15140.609
Iteration 260 / LogL: -15113.449 / Time: 0h:0m:12s (0h:0m:1s left)
Iteration 270 / LogL: -15113.451 / Time: 0h:0m:12s (0h:0m:1s left)
Iteration 280 / LogL: -15115.679 / Time: 0h:0m:12s (0h:0m:0s left)
Iteration 290 / LogL: -15113.446 / Time: 0h:0m:13s (0h:0m:0s left)
Iteration 300 / LogL: -15115.686 / Time: 0h:0m:13s (0h:0m:0s left)
Log-likelihood cutoff on original alignment: -15140.069
NOTE: Bootstrap correlation coefficient of split occurrence frequencies: 0.985
NOTE: UFBoot does not converge, continue at least 100 more iterations
Iteration 310 / LogL: -15113.458 / Time: 0h:0m:14s (0h:0m:4s left)
BETTER TREE FOUND at iteration 315: -15113.437
Iteration 320 / LogL: -15113.463 / Time: 0h:0m:14s (0h:0m:4s left)
Iteration 330 / LogL: -15113.443 / Time: 0h:0m:14s (0h:0m:3s left)
Iteration 340 / LogL: -15118.217 / Time: 0h:0m:15s (0h:0m:3s left)
Iteration 350 / LogL: -15113.444 / Time: 0h:0m:15s (0h:0m:2s left)
Log-likelihood cutoff on original alignment: -15140.191
Iteration 360 / LogL: -15115.673 / Time: 0h:0m:16s (0h:0m:2s left)
Iteration 370 / LogL: -15113.465 / Time: 0h:0m:16s (0h:0m:2s left)
BETTER TREE FOUND at iteration 373: -15113.437
BETTER TREE FOUND at iteration 375: -15113.431
Iteration 380 / LogL: -15113.442 / Time: 0h:0m:16s (0h:0m:4s left)
Iteration 390 / LogL: -15119.198 / Time: 0h:0m:17s (0h:0m:3s left)
Iteration 400 / LogL: -15115.670 / Time: 0h:0m:17s (0h:0m:3s left)
Log-likelihood cutoff on original alignment: -15140.460
NOTE: Bootstrap correlation coefficient of split occurrence frequencies: 0.985
NOTE: UFBoot does not converge, continue at least 100 more iterations
Iteration 410 / LogL: -15115.683 / Time: 0h:0m:18s (0h:0m:4s left)
Iteration 420 / LogL: -15113.446 / Time: 0h:0m:18s (0h:0m:3s left)
BETTER TREE FOUND at iteration 423: -15113.431
Iteration 430 / LogL: -15113.446 / Time: 0h:0m:19s (0h:0m:4s left)
Iteration 440 / LogL: -15113.434 / Time: 0h:0m:19s (0h:0m:3s left)
BETTER TREE FOUND at iteration 448: -15113.424
Iteration 450 / LogL: -15113.428 / Time: 0h:0m:19s (0h:0m:4s left)
Log-likelihood cutoff on original alignment: -15140.191
Iteration 460 / LogL: -15113.446 / Time: 0h:0m:20s (0h:0m:3s left)
Iteration 470 / LogL: -15115.665 / Time: 0h:0m:20s (0h:0m:3s left)
Iteration 480 / LogL: -15143.882 / Time: 0h:0m:21s (0h:0m:3s left)
BETTER TREE FOUND at iteration 486: -15113.422
Iteration 490 / LogL: -15113.440 / Time: 0h:0m:21s (0h:0m:4s left)
Iteration 500 / LogL: -15113.427 / Time: 0h:0m:22s (0h:0m:3s left)
Log-likelihood cutoff on original alignment: -15141.505
NOTE: Bootstrap correlation coefficient of split occurrence frequencies: 0.987
NOTE: UFBoot does not converge, continue at least 100 more iterations
Iteration 510 / LogL: -15113.437 / Time: 0h:0m:22s (0h:0m:4s left)
BETTER TREE FOUND at iteration 516: -15113.418
Iteration 520 / LogL: -15138.234 / Time: 0h:0m:23s (0h:0m:4s left)
Iteration 530 / LogL: -15113.426 / Time: 0h:0m:23s (0h:0m:3s left)
Iteration 540 / LogL: -15113.431 / Time: 0h:0m:23s (0h:0m:3s left)
BETTER TREE FOUND at iteration 546: -15113.417
Iteration 550 / LogL: -15113.439 / Time: 0h:0m:24s (0h:0m:4s left)
Log-likelihood cutoff on original alignment: -15141.713
BETTER TREE FOUND at iteration 555: -15113.417
Iteration 560 / LogL: -15113.430 / Time: 0h:0m:24s (0h:0m:4s left)
BETTER TREE FOUND at iteration 567: -15113.412
Iteration 570 / LogL: -15113.416 / Time: 0h:0m:25s (0h:0m:4s left)
BETTER TREE FOUND at iteration 572: -15113.409
Iteration 580 / LogL: -15113.410 / Time: 0h:0m:25s (0h:0m:4s left)
Iteration 590 / LogL: -15118.218 / Time: 0h:0m:26s (0h:0m:3s left)
Iteration 600 / LogL: -15139.568 / Time: 0h:0m:26s (0h:0m:3s left)
Log-likelihood cutoff on original alignment: -15141.776
NOTE: Bootstrap correlation coefficient of split occurrence frequencies: 0.986
NOTE: UFBoot does not converge, continue at least 100 more iterations
BETTER TREE FOUND at iteration 601: -15113.408
Iteration 610 / LogL: -15115.639 / Time: 0h:0m:27s (0h:0m:4s left)
Iteration 620 / LogL: -15113.409 / Time: 0h:0m:27s (0h:0m:3s left)
BETTER TREE FOUND at iteration 622: -15113.408
BETTER TREE FOUND at iteration 625: -15113.408
Iteration 630 / LogL: -15138.214 / Time: 0h:0m:28s (0h:0m:4s left)
BETTER TREE FOUND at iteration 636: -15113.405
Iteration 640 / LogL: -15113.410 / Time: 0h:0m:28s (0h:0m:4s left)
Iteration 650 / LogL: -15113.423 / Time: 0h:0m:28s (0h:0m:3s left)
Log-likelihood cutoff on original alignment: -15141.776
Iteration 660 / LogL: -15113.419 / Time: 0h:0m:29s (0h:0m:3s left)
Iteration 670 / LogL: -15115.649 / Time: 0h:0m:30s (0h:0m:2s left)
Iteration 680 / LogL: -15115.657 / Time: 0h:0m:30s (0h:0m:2s left)
Iteration 690 / LogL: -15113.420 / Time: 0h:0m:31s (0h:0m:2s left)
Iteration 700 / LogL: -15113.407 / Time: 0h:0m:31s (0h:0m:1s left)
Log-likelihood cutoff on original alignment: -15141.776
NOTE: Bootstrap correlation coefficient of split occurrence frequencies: 0.980
NOTE: UFBoot does not converge, continue at least 100 more iterations
BETTER TREE FOUND at iteration 703: -15113.405
Iteration 710 / LogL: -15113.421 / Time: 0h:0m:32s (0h:0m:4s left)
BETTER TREE FOUND at iteration 717: -15113.405
Iteration 720 / LogL: -15113.413 / Time: 0h:0m:32s (0h:0m:4s left)
Iteration 730 / LogL: -15115.653 / Time: 0h:0m:33s (0h:0m:3s left)
UPDATE BEST LOG-LIKELIHOOD: -15113.404
Iteration 740 / LogL: -15118.654 / Time: 0h:0m:33s (0h:0m:3s left)
Iteration 750 / LogL: -15138.215 / Time: 0h:0m:34s (0h:0m:3s left)
Log-likelihood cutoff on original alignment: -15141.776
Iteration 760 / LogL: -15113.421 / Time: 0h:0m:34s (0h:0m:2s left)
BETTER TREE FOUND at iteration 768: -15113.402
Iteration 770 / LogL: -15113.443 / Time: 0h:0m:35s (0h:0m:4s left)
Iteration 780 / LogL: -15113.423 / Time: 0h:0m:35s (0h:0m:4s left)
Iteration 790 / LogL: -15113.431 / Time: 0h:0m:36s (0h:0m:3s left)
Iteration 800 / LogL: -15113.414 / Time: 0h:0m:36s (0h:0m:3s left)
Log-likelihood cutoff on original alignment: -15141.776
NOTE: Bootstrap correlation coefficient of split occurrence frequencies: 0.981
NOTE: UFBoot does not converge, continue at least 100 more iterations
Iteration 810 / LogL: -15151.610 / Time: 0h:0m:37s (0h:0m:4s left)
Iteration 820 / LogL: -15113.414 / Time: 0h:0m:37s (0h:0m:3s left)
Iteration 830 / LogL: -15117.591 / Time: 0h:0m:38s (0h:0m:3s left)
Iteration 840 / LogL: -15116.411 / Time: 0h:0m:38s (0h:0m:2s left)
Iteration 850 / LogL: -15113.408 / Time: 0h:0m:39s (0h:0m:2s left)
Log-likelihood cutoff on original alignment: -15141.677
Iteration 860 / LogL: -15113.432 / Time: 0h:0m:40s (0h:0m:1s left)
Iteration 870 / LogL: -15117.590 / Time: 0h:0m:40s (0h:0m:1s left)
BETTER TREE FOUND at iteration 872: -15113.402
BETTER TREE FOUND at iteration 874: -15113.399
Iteration 880 / LogL: -15115.646 / Time: 0h:0m:41s (0h:0m:4s left)
BETTER TREE FOUND at iteration 881: -15113.398
Iteration 890 / LogL: -15113.419 / Time: 0h:0m:41s (0h:0m:4s left)
Iteration 900 / LogL: -15113.429 / Time: 0h:0m:42s (0h:0m:3s left)
Log-likelihood cutoff on original alignment: -15141.677
NOTE: Bootstrap correlation coefficient of split occurrence frequencies: 0.978
NOTE: UFBoot does not converge, continue at least 100 more iterations
Iteration 910 / LogL: -15113.406 / Time: 0h:0m:42s (0h:0m:4s left)
BETTER TREE FOUND at iteration 913: -15113.396
Iteration 920 / LogL: -15113.397 / Time: 0h:0m:43s (0h:0m:4s left)
BETTER TREE FOUND at iteration 929: -15113.391
Iteration 930 / LogL: -15113.416 / Time: 0h:0m:43s (0h:0m:4s left)
Iteration 940 / LogL: -15113.414 / Time: 0h:0m:44s (0h:0m:4s left)
Iteration 950 / LogL: -15113.414 / Time: 0h:0m:44s (0h:0m:3s left)
Log-likelihood cutoff on original alignment: -15141.654
Iteration 960 / LogL: -15113.411 / Time: 0h:0m:45s (0h:0m:3s left)
Iteration 970 / LogL: -15115.636 / Time: 0h:0m:46s (0h:0m:2s left)
Iteration 980 / LogL: -15113.397 / Time: 0h:0m:46s (0h:0m:2s left)
Iteration 990 / LogL: -15113.437 / Time: 0h:0m:47s (0h:0m:1s left)
Iteration 1000 / LogL: -15113.429 / Time: 0h:0m:47s (0h:0m:1s left)
Log-likelihood cutoff on original alignment: -15142.294
NOTE: Bootstrap correlation coefficient of split occurrence frequencies: 0.978
NOTE: UFBoot does not converge, continue at least 100 more iterations
WARNING: bootstrap analysis did not converge. You should rerun with higher number of iterations (-nm option)
TREE SEARCH COMPLETED AFTER 1001 ITERATIONS / Time: 0h:0m:47s

--------------------------------------------------------------------
|                    FINALIZING TREE SEARCH                        |
--------------------------------------------------------------------
Performs final model parameters optimization
Estimate model parameters (epsilon = 0.010)
1. Initial log-likelihood: -15113.391
2. Current log-likelihood: -15113.348
3. Current log-likelihood: -15113.312
4. Current log-likelihood: -15113.282
5. Current log-likelihood: -15113.257
6. Current log-likelihood: -15113.237
7. Current log-likelihood: -15113.220
8. Current log-likelihood: -15113.207
Optimal log-likelihood: -15113.203
Rate parameters:  A-C: 2.56735  A-G: 11.60400  A-T: 1.02370  C-G: 0.32459  C-T: 27.03375  G-T: 1.00000
Base frequencies:  A: 0.270  C: 0.211  G: 0.286  T: 0.233
Site proportion and rates:  (0.363,0.068) (0.315,0.238) (0.292,0.330) (0.030,26.563)
Parameters optimization took 8 rounds (0.088 sec)
BEST SCORE FOUND : -15113.203
Creating bootstrap support values...
Split supports printed to NEXUS file YFV-VaccinexCONS-alignments_25072023.fasta.splits.nex
Total tree length: 0.012

Total number of iterations: 1001
CPU time used for tree search: 46.981 sec (0h:0m:46s)
Wall-clock time used for tree search: 47.607 sec (0h:0m:47s)
Total CPU time used: 47.424 sec (0h:0m:47s)
Total wall-clock time used: 48.063 sec (0h:0m:48s)

Computing bootstrap consensus tree...
Reading input file YFV-VaccinexCONS-alignments_25072023.fasta.splits.nex...
34 taxa and 568 splits.
Consensus tree written to YFV-VaccinexCONS-alignments_25072023.fasta.contree
Reading input trees file YFV-VaccinexCONS-alignments_25072023.fasta.contree
Log-likelihood of consensus tree: -15113.322

Analysis results written to: 
  IQ-TREE report:                YFV-VaccinexCONS-alignments_25072023.fasta.iqtree
  Maximum-likelihood tree:       YFV-VaccinexCONS-alignments_25072023.fasta.treefile
  Likelihood distances:          YFV-VaccinexCONS-alignments_25072023.fasta.mldist

Ultrafast bootstrap approximation results written to:
  Split support values:          YFV-VaccinexCONS-alignments_25072023.fasta.splits.nex
  Consensus tree:                YFV-VaccinexCONS-alignments_25072023.fasta.contree
  Screen log file:               YFV-VaccinexCONS-alignments_25072023.fasta.log

Date and Time: Mon Sep  4 13:49:02 2023
